# JRE version: Java(TM) SE Runtime Environment (8.0_202-b08) (build 1.8.0_202-b08)
# Java VM: Java HotSpot(TM) 64-Bit Server VM (25.202-b08 mixed mode windows-amd64 compressed oops)
Heap:
 garbage-first heap   total 1161216K, used 724388K [0x0000000460000000, 0x00000004602011b8, 0x00000007c0000000)
  region size 2048K, 48 young (98304K), 14 survivors (28672K)
 Metaspace       used 157146K, capacity 160378K, committed 160812K, reserved 1183744K
  class space    used 26218K, capacity 27370K, committed 27436K, reserved 1048576K
GC Heap History (10 events):
Event: 57.311 GC heap before
{Heap before GC invocations=141 (full 0):
 garbage-first heap   total 1161216K, used 884736K [0x0000000460000000, 0x00000004602011b8, 0x00000007c0000000)
  region size 2048K, 128 young (262144K), 16 survivors (32768K)
 Metaspace       used 152759K, capacity 155820K, committed 156460K, reserved 1179648K
  class space    used 25498K, capacity 26609K, committed 26668K, reserved 1048576K
Event: 57.327 GC heap after
Heap after GC invocations=142 (full 0):
 garbage-first heap   total 1161216K, used 648126K [0x0000000460000000, 0x00000004602011b8, 0x00000007c0000000)
  region size 2048K, 13 young (26624K), 13 survivors (26624K)
 Metaspace       used 152759K, capacity 155820K, committed 156460K, reserved 1179648K
  class space    used 25498K, capacity 26609K, committed 26668K, reserved 1048576K
}
Event: 57.886 GC heap before
{Heap before GC invocations=143 (full 0):
 garbage-first heap   total 1161216K, used 882622K [0x0000000460000000, 0x00000004602011b8, 0x00000007c0000000)
  region size 2048K, 128 young (262144K), 13 survivors (26624K)
 Metaspace       used 153806K, capacity 156814K, committed 157484K, reserved 1179648K
  class space    used 25728K, capacity 26810K, committed 26924K, reserved 1048576K
Event: 57.894 GC heap after
Heap after GC invocations=144 (full 0):
 garbage-first heap   total 1161216K, used 653169K [0x0000000460000000, 0x00000004602011b8, 0x00000007c0000000)
  region size 2048K, 10 young (20480K), 10 survivors (20480K)
 Metaspace       used 153806K, capacity 156814K, committed 157484K, reserved 1179648K
  class space    used 25728K, capacity 26810K, committed 26924K, reserved 1048576K
}
Event: 58.483 GC heap before
{Heap before GC invocations=144 (full 0):
 garbage-first heap   total 1161216K, used 894833K [0x0000000460000000, 0x00000004602011b8, 0x00000007c0000000)
  region size 2048K, 128 young (262144K), 10 survivors (20480K)
 Metaspace       used 155163K, capacity 158308K, committed 158892K, reserved 1181696K
  class space    used 25893K, capacity 27029K, committed 27052K, reserved 1048576K
Event: 58.494 GC heap after
Heap after GC invocations=145 (full 0):
 garbage-first heap   total 1161216K, used 655139K [0x0000000460000000, 0x00000004602011b8, 0x00000007c0000000)
  region size 2048K, 15 young (30720K), 15 survivors (30720K)
 Metaspace       used 155163K, capacity 158308K, committed 158892K, reserved 1181696K
  class space    used 25893K, capacity 27029K, committed 27052K, reserved 1048576K
}
Event: 58.940 GC heap before
{Heap before GC invocations=145 (full 0):
 garbage-first heap   total 1161216K, used 886563K [0x0000000460000000, 0x00000004602011b8, 0x00000007c0000000)
  region size 2048K, 128 young (262144K), 15 survivors (30720K)
 Metaspace       used 155884K, capacity 159042K, committed 159532K, reserved 1181696K
  class space    used 26006K, capacity 27136K, committed 27180K, reserved 1048576K
Event: 58.949 GC heap after
Heap after GC invocations=146 (full 0):
 garbage-first heap   total 1161216K, used 655374K [0x0000000460000000, 0x00000004602011b8, 0x00000007c0000000)
  region size 2048K, 15 young (30720K), 15 survivors (30720K)
 Metaspace       used 155884K, capacity 159042K, committed 159532K, reserved 1181696K
  class space    used 26006K, capacity 27136K, committed 27180K, reserved 1048576K
}
Event: 59.409 GC heap before
{Heap before GC invocations=146 (full 0):
 garbage-first heap   total 1161216K, used 886798K [0x0000000460000000, 0x00000004602011b8, 0x00000007c0000000)
  region size 2048K, 128 young (262144K), 15 survivors (30720K)
 Metaspace       used 156783K, capacity 160008K, committed 160428K, reserved 1181696K
  class space    used 26146K, capacity 27287K, committed 27308K, reserved 1048576K
Event: 59.419 GC heap after
Heap after GC invocations=147 (full 0):
 garbage-first heap   total 1161216K, used 656804K [0x0000000460000000, 0x00000004602011b8, 0x00000007c0000000)
  region size 2048K, 14 young (28672K), 14 survivors (28672K)
 Metaspace       used 156783K, capacity 160008K, committed 160428K, reserved 1181696K
  class space    used 26146K, capacity 27287K, committed 27308K, reserved 1048576K
}

