# JRE version: Java(TM) SE Runtime Environment (8.0_251-b08) (build 1.8.0_251-b08)
# Java VM: Java HotSpot(TM) 64-Bit Server VM (25.251-b08 mixed mode windows-amd64 compressed oops)
Heap:
 garbage-first heap   total 5128192K, used 2778131K [0x0000000687000000, 0x00000006880009c8, 0x00000007c0000000)
  region size 16384K, 5 young (81920K), 1 survivors (16384K)
 Metaspace       used 202504K, capacity 209597K, committed 209788K, reserved 1224704K
  class space    used 31766K, capacity 33648K, committed 33664K, reserved 1048576K
GC Heap History (10 events):
Event: 336.631 GC heap before
{Heap before GC invocations=690 (full 2):
 garbage-first heap   total 5128192K, used 2812596K [0x0000000687000000, 0x00000006880009c8, 0x00000007c0000000)
  region size 16384K, 8 young (131072K), 1 survivors (16384K)
 Metaspace       used 201605K, capacity 208515K, committed 208764K, reserved 1224704K
  class space    used 31723K, capacity 33579K, committed 33664K, reserved 1048576K
Event: 336.639 GC heap after
Heap after GC invocations=691 (full 2):
 garbage-first heap   total 5128192K, used 2704955K [0x0000000687000000, 0x00000006880009c8, 0x00000007c0000000)
  region size 16384K, 1 young (16384K), 1 survivors (16384K)
 Metaspace       used 201605K, capacity 208515K, committed 208764K, reserved 1224704K
  class space    used 31723K, capacity 33579K, committed 33664K, reserved 1048576K
}
Event: 337.371 GC heap before
{Heap before GC invocations=691 (full 2):
 garbage-first heap   total 5128192K, used 2819643K [0x0000000687000000, 0x00000006880009c8, 0x00000007c0000000)
  region size 16384K, 8 young (131072K), 1 survivors (16384K)
 Metaspace       used 201967K, capacity 208863K, committed 209020K, reserved 1224704K
  class space    used 31751K, capacity 33629K, committed 33664K, reserved 1048576K
Event: 337.381 GC heap after
Heap after GC invocations=692 (full 2):
 garbage-first heap   total 5128192K, used 2704759K [0x0000000687000000, 0x00000006880009c8, 0x00000007c0000000)
  region size 16384K, 1 young (16384K), 1 survivors (16384K)
 Metaspace       used 201967K, capacity 208863K, committed 209020K, reserved 1224704K
  class space    used 31751K, capacity 33629K, committed 33664K, reserved 1048576K
}
Event: 338.138 GC heap before
{Heap before GC invocations=692 (full 2):
 garbage-first heap   total 5128192K, used 2819447K [0x0000000687000000, 0x00000006880009c8, 0x00000007c0000000)
  region size 16384K, 8 young (131072K), 1 survivors (16384K)
 Metaspace       used 202097K, capacity 209125K, committed 209276K, reserved 1224704K
  class space    used 31752K, capacity 33630K, committed 33664K, reserved 1048576K
Event: 338.149 GC heap after
Heap after GC invocations=693 (full 2):
 garbage-first heap   total 5128192K, used 2713721K [0x0000000687000000, 0x00000006880009c8, 0x00000007c0000000)
  region size 16384K, 1 young (16384K), 1 survivors (16384K)
 Metaspace       used 202097K, capacity 209125K, committed 209276K, reserved 1224704K
  class space    used 31752K, capacity 33630K, committed 33664K, reserved 1048576K
}
Event: 338.846 GC heap before
{Heap before GC invocations=694 (full 2):
 garbage-first heap   total 5128192K, used 2828409K [0x0000000687000000, 0x00000006880009c8, 0x00000007c0000000)
  region size 16384K, 8 young (131072K), 1 survivors (16384K)
 Metaspace       used 202210K, capacity 209323K, committed 209532K, reserved 1224704K
  class space    used 31754K, capacity 33631K, committed 33664K, reserved 1048576K
Event: 338.856 GC heap after
Heap after GC invocations=695 (full 2):
 garbage-first heap   total 5128192K, used 2721936K [0x0000000687000000, 0x00000006880009c8, 0x00000007c0000000)
  region size 16384K, 1 young (16384K), 1 survivors (16384K)
 Metaspace       used 202210K, capacity 209323K, committed 209532K, reserved 1224704K
  class space    used 31754K, capacity 33631K, committed 33664K, reserved 1048576K
}
Event: 339.466 GC heap before
{Heap before GC invocations=695 (full 2):
 garbage-first heap   total 5128192K, used 2836624K [0x0000000687000000, 0x00000006880009c8, 0x00000007c0000000)
  region size 16384K, 8 young (131072K), 1 survivors (16384K)
 Metaspace       used 202420K, capacity 209527K, committed 209788K, reserved 1224704K
  class space    used 31766K, capacity 33647K, committed 33664K, reserved 1048576K
Event: 339.476 GC heap after
Heap after GC invocations=696 (full 2):
 garbage-first heap   total 5128192K, used 2728979K [0x0000000687000000, 0x00000006880009c8, 0x00000007c0000000)
  region size 16384K, 1 young (16384K), 1 survivors (16384K)
 Metaspace       used 202420K, capacity 209527K, committed 209788K, reserved 1224704K
  class space    used 31766K, capacity 33647K, committed 33664K, reserved 1048576K
}

