# JRE version: Java(TM) SE Runtime Environment (8.0_251-b08) (build 1.8.0_251-b08)
# Java VM: Java HotSpot(TM) 64-Bit Server VM (25.251-b08 mixed mode windows-amd64 compressed oops)
Heap:
 garbage-first heap   total 5128192K, used 3005603K [0x0000000687000000, 0x00000006880009c8, 0x00000007c0000000)
  region size 16384K, 2 young (32768K), 1 survivors (16384K)
 Metaspace       used 208829K, capacity 216425K, committed 216700K, reserved 1230848K
  class space    used 32444K, capacity 34388K, committed 34432K, reserved 1048576K
GC Heap History (10 events):
Event: 390.592 GC heap before
{Heap before GC invocations=733 (full 3):
 garbage-first heap   total 5128192K, used 3095344K [0x0000000687000000, 0x00000006880009c8, 0x00000007c0000000)
  region size 16384K, 8 young (131072K), 1 survivors (16384K)
 Metaspace       used 208617K, capacity 216275K, committed 216444K, reserved 1230848K
  class space    used 32432K, capacity 34381K, committed 34432K, reserved 1048576K
Event: 390.607 GC heap after
Heap after GC invocations=734 (full 3):
 garbage-first heap   total 5128192K, used 2987825K [0x0000000687000000, 0x00000006880009c8, 0x00000007c0000000)
  region size 16384K, 1 young (16384K), 1 survivors (16384K)
 Metaspace       used 208617K, capacity 216275K, committed 216444K, reserved 1230848K
  class space    used 32432K, capacity 34381K, committed 34432K, reserved 1048576K
}
Event: 391.341 GC heap before
{Heap before GC invocations=734 (full 3):
 garbage-first heap   total 5128192K, used 3102513K [0x0000000687000000, 0x00000006880009c8, 0x00000007c0000000)
  region size 16384K, 9 young (147456K), 1 survivors (16384K)
 Metaspace       used 208768K, capacity 216425K, committed 216700K, reserved 1230848K
  class space    used 32443K, capacity 34388K, committed 34432K, reserved 1048576K
Event: 391.362 GC heap after
Heap after GC invocations=735 (full 3):
 garbage-first heap   total 5128192K, used 3000546K [0x0000000687000000, 0x00000006880009c8, 0x00000007c0000000)
  region size 16384K, 1 young (16384K), 1 survivors (16384K)
 Metaspace       used 208768K, capacity 216425K, committed 216700K, reserved 1230848K
  class space    used 32443K, capacity 34388K, committed 34432K, reserved 1048576K
}
Event: 391.860 GC heap before
{Heap before GC invocations=735 (full 3):
 garbage-first heap   total 5128192K, used 3115234K [0x0000000687000000, 0x00000006880009c8, 0x00000007c0000000)
  region size 16384K, 8 young (131072K), 1 survivors (16384K)
 Metaspace       used 208820K, capacity 216425K, committed 216700K, reserved 1230848K
  class space    used 32444K, capacity 34388K, committed 34432K, reserved 1048576K
Event: 391.875 GC heap after
Heap after GC invocations=736 (full 3):
 garbage-first heap   total 5128192K, used 3017012K [0x0000000687000000, 0x00000006880009c8, 0x00000007c0000000)
  region size 16384K, 1 young (16384K), 1 survivors (16384K)
 Metaspace       used 208820K, capacity 216425K, committed 216700K, reserved 1230848K
  class space    used 32444K, capacity 34388K, committed 34432K, reserved 1048576K
}
Event: 392.205 GC heap before
{Heap before GC invocations=736 (full 3):
 garbage-first heap   total 5128192K, used 3131700K [0x0000000687000000, 0x00000006880009c8, 0x00000007c0000000)
  region size 16384K, 8 young (131072K), 1 survivors (16384K)
 Metaspace       used 208827K, capacity 216425K, committed 216700K, reserved 1230848K
  class space    used 32444K, capacity 34388K, committed 34432K, reserved 1048576K
Event: 392.212 GC heap after
Heap after GC invocations=737 (full 3):
 garbage-first heap   total 5128192K, used 3007099K [0x0000000687000000, 0x00000006880009c8, 0x00000007c0000000)
  region size 16384K, 1 young (16384K), 1 survivors (16384K)
 Metaspace       used 208827K, capacity 216425K, committed 216700K, reserved 1230848K
  class space    used 32444K, capacity 34388K, committed 34432K, reserved 1048576K
}
Event: 392.606 GC heap before
{Heap before GC invocations=737 (full 3):
 garbage-first heap   total 5128192K, used 3121787K [0x0000000687000000, 0x00000006880009c8, 0x00000007c0000000)
  region size 16384K, 8 young (131072K), 1 survivors (16384K)
 Metaspace       used 208829K, capacity 216425K, committed 216700K, reserved 1230848K
  class space    used 32444K, capacity 34388K, committed 34432K, reserved 1048576K
Event: 392.612 GC heap after
Heap after GC invocations=738 (full 3):
 garbage-first heap   total 5128192K, used 3005603K [0x0000000687000000, 0x00000006880009c8, 0x00000007c0000000)
  region size 16384K, 1 young (16384K), 1 survivors (16384K)
 Metaspace       used 208829K, capacity 216425K, committed 216700K, reserved 1230848K
  class space    used 32444K, capacity 34388K, committed 34432K, reserved 1048576K
}

