# JRE version: Java(TM) SE Runtime Environment (8.0_251-b08) (build 1.8.0_251-b08)
# Java VM: Java HotSpot(TM) 64-Bit Server VM (25.251-b08 mixed mode windows-amd64 compressed oops)
Heap:
 garbage-first heap   total 5128192K, used 3049618K [0x0000000687000000, 0x00000006880009c8, 0x00000007c0000000)
  region size 16384K, 4 young (65536K), 1 survivors (16384K)
 Metaspace       used 213817K, capacity 221957K, committed 222204K, reserved 1236992K
  class space    used 32755K, capacity 34732K, committed 34816K, reserved 1048576K
GC Heap History (10 events):
Event: 1082.166 GC heap before
{Heap before GC invocations=987 (full 6):
 garbage-first heap   total 5128192K, used 3127501K [0x0000000687000000, 0x00000006880009c8, 0x00000007c0000000)
  region size 16384K, 8 young (131072K), 1 survivors (16384K)
 Metaspace       used 213807K, capacity 221957K, committed 222204K, reserved 1236992K
  class space    used 32755K, capacity 34732K, committed 34816K, reserved 1048576K
Event: 1082.180 GC heap after
Heap after GC invocations=988 (full 6):
 garbage-first heap   total 5128192K, used 3015003K [0x0000000687000000, 0x00000006880009c8, 0x00000007c0000000)
  region size 16384K, 1 young (16384K), 1 survivors (16384K)
 Metaspace       used 213807K, capacity 221957K, committed 222204K, reserved 1236992K
  class space    used 32755K, capacity 34732K, committed 34816K, reserved 1048576K
}
Event: 1082.525 GC heap before
{Heap before GC invocations=988 (full 6):
 garbage-first heap   total 5128192K, used 3129691K [0x0000000687000000, 0x00000006880009c8, 0x00000007c0000000)
  region size 16384K, 8 young (131072K), 1 survivors (16384K)
 Metaspace       used 213807K, capacity 221957K, committed 222204K, reserved 1236992K
  class space    used 32755K, capacity 34732K, committed 34816K, reserved 1048576K
Event: 1082.533 GC heap after
Heap after GC invocations=989 (full 6):
 garbage-first heap   total 5128192K, used 3017847K [0x0000000687000000, 0x00000006880009c8, 0x00000007c0000000)
  region size 16384K, 1 young (16384K), 1 survivors (16384K)
 Metaspace       used 213807K, capacity 221957K, committed 222204K, reserved 1236992K
  class space    used 32755K, capacity 34732K, committed 34816K, reserved 1048576K
}
Event: 1082.755 GC heap before
{Heap before GC invocations=989 (full 6):
 garbage-first heap   total 5128192K, used 3132535K [0x0000000687000000, 0x00000006880009c8, 0x00000007c0000000)
  region size 16384K, 8 young (131072K), 1 survivors (16384K)
 Metaspace       used 213807K, capacity 221957K, committed 222204K, reserved 1236992K
  class space    used 32755K, capacity 34732K, committed 34816K, reserved 1048576K
Event: 1082.765 GC heap after
Heap after GC invocations=990 (full 6):
 garbage-first heap   total 5128192K, used 3018912K [0x0000000687000000, 0x00000006880009c8, 0x00000007c0000000)
  region size 16384K, 1 young (16384K), 1 survivors (16384K)
 Metaspace       used 213807K, capacity 221957K, committed 222204K, reserved 1236992K
  class space    used 32755K, capacity 34732K, committed 34816K, reserved 1048576K
}
Event: 1083.236 GC heap before
{Heap before GC invocations=990 (full 6):
 garbage-first heap   total 5128192K, used 3133600K [0x0000000687000000, 0x00000006880009c8, 0x00000007c0000000)
  region size 16384K, 8 young (131072K), 1 survivors (16384K)
 Metaspace       used 213807K, capacity 221957K, committed 222204K, reserved 1236992K
  class space    used 32755K, capacity 34732K, committed 34816K, reserved 1048576K
Event: 1083.246 GC heap after
Heap after GC invocations=991 (full 6):
 garbage-first heap   total 5128192K, used 3021934K [0x0000000687000000, 0x00000006880009c8, 0x00000007c0000000)
  region size 16384K, 1 young (16384K), 1 survivors (16384K)
 Metaspace       used 213807K, capacity 221957K, committed 222204K, reserved 1236992K
  class space    used 32755K, capacity 34732K, committed 34816K, reserved 1048576K
}
Event: 1083.648 GC heap before
{Heap before GC invocations=991 (full 6):
 garbage-first heap   total 5128192K, used 3136622K [0x0000000687000000, 0x00000006880009c8, 0x00000007c0000000)
  region size 16384K, 8 young (131072K), 1 survivors (16384K)
 Metaspace       used 213817K, capacity 221957K, committed 222204K, reserved 1236992K
  class space    used 32755K, capacity 34732K, committed 34816K, reserved 1048576K
Event: 1083.656 GC heap after
Heap after GC invocations=992 (full 6):
 garbage-first heap   total 5128192K, used 3016850K [0x0000000687000000, 0x00000006880009c8, 0x00000007c0000000)
  region size 16384K, 1 young (16384K), 1 survivors (16384K)
 Metaspace       used 213817K, capacity 221957K, committed 222204K, reserved 1236992K
  class space    used 32755K, capacity 34732K, committed 34816K, reserved 1048576K
}

