# JRE version: Java(TM) SE Runtime Environment (8.0_251-b08) (build 1.8.0_251-b08)
# Java VM: Java HotSpot(TM) 64-Bit Server VM (25.251-b08 mixed mode windows-amd64 compressed oops)
Heap:
 garbage-first heap   total 5128192K, used 2848276K [0x0000000687000000, 0x00000006880009c8, 0x00000007c0000000)
  region size 16384K, 8 young (131072K), 1 survivors (16384K)
 Metaspace       used 209309K, capacity 217189K, committed 217600K, reserved 1234944K
  class space    used 32093K, capacity 33992K, committed 34048K, reserved 1048576K
GC Heap History (10 events):
Event: 2340.857 GC heap before
{Heap before GC invocations=1593 (full 8):
 garbage-first heap   total 5128192K, used 2863529K [0x0000000687000000, 0x00000006880009c8, 0x00000007c0000000)
  region size 16384K, 8 young (131072K), 1 survivors (16384K)
 Metaspace       used 209323K, capacity 217249K, committed 217344K, reserved 1232896K
  class space    used 32096K, capacity 34014K, committed 34048K, reserved 1048576K
Event: 2340.863 GC heap after
Heap after GC invocations=1594 (full 8):
 garbage-first heap   total 5128192K, used 2749144K [0x0000000687000000, 0x00000006880009c8, 0x00000007c0000000)
  region size 16384K, 1 young (16384K), 1 survivors (16384K)
 Metaspace       used 209323K, capacity 217249K, committed 217344K, reserved 1232896K
  class space    used 32096K, capacity 34014K, committed 34048K, reserved 1048576K
}
Event: 2346.111 GC heap before
{Heap before GC invocations=1594 (full 8):
 garbage-first heap   total 5128192K, used 2863832K [0x0000000687000000, 0x00000006880009c8, 0x00000007c0000000)
  region size 16384K, 8 young (131072K), 1 survivors (16384K)
 Metaspace       used 209380K, capacity 217319K, committed 217600K, reserved 1234944K
  class space    used 32105K, capacity 34015K, committed 34048K, reserved 1048576K
Event: 2346.121 GC heap after
Heap after GC invocations=1595 (full 8):
 garbage-first heap   total 5128192K, used 2749724K [0x0000000687000000, 0x00000006880009c8, 0x00000007c0000000)
  region size 16384K, 1 young (16384K), 1 survivors (16384K)
 Metaspace       used 209380K, capacity 217319K, committed 217600K, reserved 1234944K
  class space    used 32105K, capacity 34015K, committed 34048K, reserved 1048576K
}
Event: 2349.296 GC heap before
{Heap before GC invocations=1596 (full 8):
 garbage-first heap   total 5128192K, used 2864412K [0x0000000687000000, 0x00000006880009c8, 0x00000007c0000000)
  region size 16384K, 8 young (131072K), 1 survivors (16384K)
 Metaspace       used 209375K, capacity 217301K, committed 217600K, reserved 1234944K
  class space    used 32103K, capacity 34012K, committed 34048K, reserved 1048576K
Event: 2349.303 GC heap after
Heap after GC invocations=1597 (full 8):
 garbage-first heap   total 5128192K, used 2750086K [0x0000000687000000, 0x00000006880009c8, 0x00000007c0000000)
  region size 16384K, 1 young (16384K), 1 survivors (16384K)
 Metaspace       used 209375K, capacity 217301K, committed 217600K, reserved 1234944K
  class space    used 32103K, capacity 34012K, committed 34048K, reserved 1048576K
}
Event: 2354.814 GC heap before
{Heap before GC invocations=1597 (full 8):
 garbage-first heap   total 5128192K, used 2864774K [0x0000000687000000, 0x00000006880009c8, 0x00000007c0000000)
  region size 16384K, 8 young (131072K), 1 survivors (16384K)
 Metaspace       used 209379K, capacity 217301K, committed 217600K, reserved 1234944K
  class space    used 32104K, capacity 34012K, committed 34048K, reserved 1048576K
Event: 2354.822 GC heap after
Heap after GC invocations=1598 (full 8):
 garbage-first heap   total 5128192K, used 2749261K [0x0000000687000000, 0x00000006880009c8, 0x00000007c0000000)
  region size 16384K, 1 young (16384K), 1 survivors (16384K)
 Metaspace       used 209379K, capacity 217301K, committed 217600K, reserved 1234944K
  class space    used 32104K, capacity 34012K, committed 34048K, reserved 1048576K
}
Event: 2362.525 GC heap before
{Heap before GC invocations=1598 (full 8):
 garbage-first heap   total 5128192K, used 2863949K [0x0000000687000000, 0x00000006880009c8, 0x00000007c0000000)
  region size 16384K, 8 young (131072K), 1 survivors (16384K)
 Metaspace       used 209380K, capacity 217301K, committed 217600K, reserved 1234944K
  class space    used 32104K, capacity 34012K, committed 34048K, reserved 1048576K
Event: 2362.540 GC heap after
Heap after GC invocations=1599 (full 8):
 garbage-first heap   total 5128192K, used 2749972K [0x0000000687000000, 0x00000006880009c8, 0x00000007c0000000)
  region size 16384K, 1 young (16384K), 1 survivors (16384K)
 Metaspace       used 209380K, capacity 217301K, committed 217600K, reserved 1234944K
  class space    used 32104K, capacity 34012K, committed 34048K, reserved 1048576K
}

