# JRE version: Java(TM) SE Runtime Environment (8.0_251-b08) (build 1.8.0_251-b08)
# Java VM: Java HotSpot(TM) 64-Bit Server VM (25.251-b08 mixed mode windows-amd64 compressed oops)
Heap:
 garbage-first heap   total 5128192K, used 2834449K [0x0000000687000000, 0x00000006880009c8, 0x00000007c0000000)
  region size 16384K, 5 young (81920K), 1 survivors (16384K)
 Metaspace       used 208184K, capacity 215869K, committed 216832K, reserved 1232896K
  class space    used 31983K, capacity 33840K, committed 34048K, reserved 1048576K
GC Heap History (10 events):
Event: 2571.387 GC heap before
{Heap before GC invocations=1512 (full 2):
 garbage-first heap   total 5128192K, used 2900645K [0x0000000687000000, 0x00000006880009c8, 0x00000007c0000000)
  region size 16384K, 8 young (131072K), 1 survivors (16384K)
 Metaspace       used 208184K, capacity 215869K, committed 216832K, reserved 1232896K
  class space    used 31983K, capacity 33840K, committed 34048K, reserved 1048576K
Event: 2571.396 GC heap after
Heap after GC invocations=1513 (full 2):
 garbage-first heap   total 5128192K, used 2785363K [0x0000000687000000, 0x00000006880009c8, 0x00000007c0000000)
  region size 16384K, 1 young (16384K), 1 survivors (16384K)
 Metaspace       used 208184K, capacity 215869K, committed 216832K, reserved 1232896K
  class space    used 31983K, capacity 33840K, committed 34048K, reserved 1048576K
}
Event: 2578.656 GC heap before
{Heap before GC invocations=1513 (full 2):
 garbage-first heap   total 5128192K, used 2900051K [0x0000000687000000, 0x00000006880009c8, 0x00000007c0000000)
  region size 16384K, 8 young (131072K), 1 survivors (16384K)
 Metaspace       used 208184K, capacity 215869K, committed 216832K, reserved 1232896K
  class space    used 31983K, capacity 33840K, committed 34048K, reserved 1048576K
Event: 2578.664 GC heap after
Heap after GC invocations=1514 (full 2):
 garbage-first heap   total 5128192K, used 2785162K [0x0000000687000000, 0x00000006880009c8, 0x00000007c0000000)
  region size 16384K, 1 young (16384K), 1 survivors (16384K)
 Metaspace       used 208184K, capacity 215869K, committed 216832K, reserved 1232896K
  class space    used 31983K, capacity 33840K, committed 34048K, reserved 1048576K
}
Event: 2585.970 GC heap before
{Heap before GC invocations=1514 (full 2):
 garbage-first heap   total 5128192K, used 2899850K [0x0000000687000000, 0x00000006880009c8, 0x00000007c0000000)
  region size 16384K, 8 young (131072K), 1 survivors (16384K)
 Metaspace       used 208184K, capacity 215869K, committed 216832K, reserved 1232896K
  class space    used 31983K, capacity 33840K, committed 34048K, reserved 1048576K
Event: 2585.978 GC heap after
Heap after GC invocations=1515 (full 2):
 garbage-first heap   total 5128192K, used 2785284K [0x0000000687000000, 0x00000006880009c8, 0x00000007c0000000)
  region size 16384K, 1 young (16384K), 1 survivors (16384K)
 Metaspace       used 208184K, capacity 215869K, committed 216832K, reserved 1232896K
  class space    used 31983K, capacity 33840K, committed 34048K, reserved 1048576K
}
Event: 2590.916 GC heap before
{Heap before GC invocations=1516 (full 2):
 garbage-first heap   total 5128192K, used 2899972K [0x0000000687000000, 0x00000006880009c8, 0x00000007c0000000)
  region size 16384K, 8 young (131072K), 1 survivors (16384K)
 Metaspace       used 208184K, capacity 215869K, committed 216832K, reserved 1232896K
  class space    used 31983K, capacity 33840K, committed 34048K, reserved 1048576K
Event: 2590.923 GC heap after
Heap after GC invocations=1517 (full 2):
 garbage-first heap   total 5128192K, used 2785323K [0x0000000687000000, 0x00000006880009c8, 0x00000007c0000000)
  region size 16384K, 1 young (16384K), 1 survivors (16384K)
 Metaspace       used 208184K, capacity 215869K, committed 216832K, reserved 1232896K
  class space    used 31983K, capacity 33840K, committed 34048K, reserved 1048576K
}
Event: 2595.184 GC heap before
{Heap before GC invocations=1517 (full 2):
 garbage-first heap   total 5128192K, used 2900011K [0x0000000687000000, 0x00000006880009c8, 0x00000007c0000000)
  region size 16384K, 8 young (131072K), 1 survivors (16384K)
 Metaspace       used 208184K, capacity 215869K, committed 216832K, reserved 1232896K
  class space    used 31983K, capacity 33840K, committed 34048K, reserved 1048576K
Event: 2595.190 GC heap after
Heap after GC invocations=1518 (full 2):
 garbage-first heap   total 5128192K, used 2785297K [0x0000000687000000, 0x00000006880009c8, 0x00000007c0000000)
  region size 16384K, 1 young (16384K), 1 survivors (16384K)
 Metaspace       used 208184K, capacity 215869K, committed 216832K, reserved 1232896K
  class space    used 31983K, capacity 33840K, committed 34048K, reserved 1048576K
}

